<?xml version="1.0" encoding="UTF-8"?>
<!-- Generated by org.testng.reporters.JUnitXMLReporter -->
<testsuite ignored="0" hostname="CR7" failures="0" tests="4" name="Default test" time="2.914" errors="0" timestamp="2025-09-04T22:40:24 EDT">
  <testcase classname="api.testcases.DataDriven_Pet_test" name="Test_AddPet" time="1.928"/>
  <testcase classname="api.testcases.DataDriven_Pet_test" name="Test_AddPet" time="0.162"/>
  <testcase classname="api.testcases.DataDriven_Pet_test" name="Test_FindPet" time="0.172"/>
  <testcase classname="api.testcases.DataDriven_Pet_test" name="Test_DeletePet" time="0.126"/>
</testsuite> <!-- Default test -->
