<?xml version="1.0" encoding="UTF-8"?>
<!-- Generated by org.testng.reporters.JUnitXMLReporter -->
<testsuite ignored="0" hostname="CR7" failures="0" tests="9" name="Test" time="3.225" errors="0" timestamp="2025-08-17T21:52:57 EDT">
  <testcase classname="api.testcases.DataDriven_Store_test" name="Test_CreateOrder" time="1.46"/>
  <testcase classname="api.testcases.DataDriven_Store_test" name="Test_CreateOrder" time="0.109"/>
  <testcase classname="api.testcases.DataDriven_Store_test" name="Test_CreateOrder" time="0.11"/>
  <testcase classname="api.testcases.DataDriven_Store_test" name="Test_GetOrder" time="0.125"/>
  <testcase classname="api.testcases.DataDriven_Store_test" name="Test_GetOrder" time="0.11"/>
  <testcase classname="api.testcases.DataDriven_Store_test" name="Test_GetOrder" time="0.117"/>
  <testcase classname="api.testcases.DataDriven_Store_test" name="Test_DeleteOrder" time="0.091"/>
  <testcase classname="api.testcases.DataDriven_Store_test" name="Test_DeleteOrder" time="0.124"/>
  <testcase classname="api.testcases.DataDriven_Store_test" name="Test_DeleteOrder" time="0.109"/>
</testsuite> <!-- Test -->
