<?xml version="1.0" encoding="UTF-8"?>
<testng-results ignored="0" total="9" passed="9" failed="0" skipped="0">
  <reporter-output>
  </reporter-output>
  <suite started-at="2025-08-17T21:52:54 EDT" name="Suite1" finished-at="2025-08-17T21:52:57 EDT" duration-ms="3225">
    <groups>
    </groups>
    <test started-at="2025-08-17T21:52:54 EDT" name="Test" finished-at="2025-08-17T21:52:57 EDT" duration-ms="3225">
      <class name="api.testcases.DataDriven_Store_test">
        <test-method signature="Test_CreateOrder(java.lang.Double,java.lang.Double,java.lang.Double,java.lang.String)[pri:1, instance:api.testcases.DataDriven_Store_test@799f10e1]" started-at="2025-08-17T21:52:55 EDT" name="Test_CreateOrder" data-provider="StoreDetailsData" finished-at="2025-08-17T21:52:56 EDT" duration-ms="1460" status="PASS">
          <params>
            <param index="0">
              <value>
                <![CDATA[1.0]]>
              </value>
            </param>
            <param index="1">
              <value>
                <![CDATA[4.0]]>
              </value>
            </param>
            <param index="2">
              <value>
                <![CDATA[7.0]]>
              </value>
            </param>
            <param index="3">
              <value>
                <![CDATA[placed]]>
              </value>
            </param>
          </params>
          <reporter-output>
          </reporter-output>
        </test-method> <!-- Test_CreateOrder -->
        <test-method signature="Test_CreateOrder(java.lang.Double,java.lang.Double,java.lang.Double,java.lang.String)[pri:1, instance:api.testcases.DataDriven_Store_test@799f10e1]" started-at="2025-08-17T21:52:56 EDT" name="Test_CreateOrder" data-provider="StoreDetailsData" finished-at="2025-08-17T21:52:56 EDT" duration-ms="109" status="PASS">
          <params>
            <param index="0">
              <value>
                <![CDATA[2.0]]>
              </value>
            </param>
            <param index="1">
              <value>
                <![CDATA[5.0]]>
              </value>
            </param>
            <param index="2">
              <value>
                <![CDATA[8.0]]>
              </value>
            </param>
            <param index="3">
              <value>
                <![CDATA[placed]]>
              </value>
            </param>
          </params>
          <reporter-output>
          </reporter-output>
        </test-method> <!-- Test_CreateOrder -->
        <test-method signature="Test_CreateOrder(java.lang.Double,java.lang.Double,java.lang.Double,java.lang.String)[pri:1, instance:api.testcases.DataDriven_Store_test@799f10e1]" started-at="2025-08-17T21:52:56 EDT" name="Test_CreateOrder" data-provider="StoreDetailsData" finished-at="2025-08-17T21:52:56 EDT" duration-ms="110" status="PASS">
          <params>
            <param index="0">
              <value>
                <![CDATA[3.0]]>
              </value>
            </param>
            <param index="1">
              <value>
                <![CDATA[6.0]]>
              </value>
            </param>
            <param index="2">
              <value>
                <![CDATA[9.0]]>
              </value>
            </param>
            <param index="3">
              <value>
                <![CDATA[placed]]>
              </value>
            </param>
          </params>
          <reporter-output>
          </reporter-output>
        </test-method> <!-- Test_CreateOrder -->
        <test-method signature="Test_GetOrder(java.lang.Double)[pri:2, instance:api.testcases.DataDriven_Store_test@799f10e1]" started-at="2025-08-17T21:52:56 EDT" name="Test_GetOrder" data-provider="StoreIds" finished-at="2025-08-17T21:52:57 EDT" duration-ms="125" status="PASS">
          <params>
            <param index="0">
              <value>
                <![CDATA[1.0]]>
              </value>
            </param>
          </params>
          <reporter-output>
          </reporter-output>
        </test-method> <!-- Test_GetOrder -->
        <test-method signature="Test_GetOrder(java.lang.Double)[pri:2, instance:api.testcases.DataDriven_Store_test@799f10e1]" started-at="2025-08-17T21:52:57 EDT" name="Test_GetOrder" data-provider="StoreIds" finished-at="2025-08-17T21:52:57 EDT" duration-ms="110" status="PASS">
          <params>
            <param index="0">
              <value>
                <![CDATA[2.0]]>
              </value>
            </param>
          </params>
          <reporter-output>
          </reporter-output>
        </test-method> <!-- Test_GetOrder -->
        <test-method signature="Test_GetOrder(java.lang.Double)[pri:2, instance:api.testcases.DataDriven_Store_test@799f10e1]" started-at="2025-08-17T21:52:57 EDT" name="Test_GetOrder" data-provider="StoreIds" finished-at="2025-08-17T21:52:57 EDT" duration-ms="117" status="PASS">
          <params>
            <param index="0">
              <value>
                <![CDATA[3.0]]>
              </value>
            </param>
          </params>
          <reporter-output>
          </reporter-output>
        </test-method> <!-- Test_GetOrder -->
        <test-method signature="Test_DeleteOrder(java.lang.Double)[pri:3, instance:api.testcases.DataDriven_Store_test@799f10e1]" started-at="2025-08-17T21:52:57 EDT" name="Test_DeleteOrder" data-provider="StoreIds" finished-at="2025-08-17T21:52:57 EDT" duration-ms="91" status="PASS">
          <params>
            <param index="0">
              <value>
                <![CDATA[1.0]]>
              </value>
            </param>
          </params>
          <reporter-output>
          </reporter-output>
        </test-method> <!-- Test_DeleteOrder -->
        <test-method signature="Test_DeleteOrder(java.lang.Double)[pri:3, instance:api.testcases.DataDriven_Store_test@799f10e1]" started-at="2025-08-17T21:52:57 EDT" name="Test_DeleteOrder" data-provider="StoreIds" finished-at="2025-08-17T21:52:57 EDT" duration-ms="124" status="PASS">
          <params>
            <param index="0">
              <value>
                <![CDATA[2.0]]>
              </value>
            </param>
          </params>
          <reporter-output>
          </reporter-output>
        </test-method> <!-- Test_DeleteOrder -->
        <test-method signature="Test_DeleteOrder(java.lang.Double)[pri:3, instance:api.testcases.DataDriven_Store_test@799f10e1]" started-at="2025-08-17T21:52:57 EDT" name="Test_DeleteOrder" data-provider="StoreIds" finished-at="2025-08-17T21:52:57 EDT" duration-ms="109" status="PASS">
          <params>
            <param index="0">
              <value>
                <![CDATA[3.0]]>
              </value>
            </param>
          </params>
          <reporter-output>
          </reporter-output>
        </test-method> <!-- Test_DeleteOrder -->
      </class> <!-- api.testcases.DataDriven_Store_test -->
    </test> <!-- Test -->
  </suite> <!-- Suite1 -->
</testng-results>
