<?xml version="1.0" encoding="UTF-8"?>
<testng-results ignored="0" total="4" passed="4" failed="0" skipped="0">
  <reporter-output>
  </reporter-output>
  <suite started-at="2025-09-04T22:40:22 EDT" name="Default suite" finished-at="2025-09-04T22:40:24 EDT" duration-ms="2914">
    <groups>
    </groups>
    <test started-at="2025-09-04T22:40:22 EDT" name="Default test" finished-at="2025-09-04T22:40:24 EDT" duration-ms="2914">
      <class name="api.testcases.DataDriven_Pet_test">
        <test-method signature="Test_AddPet(java.lang.Double,java.lang.Double,java.lang.String,java.lang.String,java.lang.Double,java.lang.String,java.lang.String)[pri:1, instance:api.testcases.DataDriven_Pet_test@799f10e1]" started-at="2025-09-04T22:40:22 EDT" name="Test_AddPet" data-provider="PetDetailsData" finished-at="2025-09-04T22:40:24 EDT" duration-ms="1928" status="PASS">
          <params>
            <param index="0">
              <value>
                <![CDATA[1.0]]>
              </value>
            </param>
            <param index="1">
              <value>
                <![CDATA[10.0]]>
              </value>
            </param>
            <param index="2">
              <value>
                <![CDATA[Labrador]]>
              </value>
            </param>
            <param index="3">
              <value>
                <![CDATA[Bruno]]>
              </value>
            </param>
            <param index="4">
              <value>
                <![CDATA[50.0]]>
              </value>
            </param>
            <param index="5">
              <value>
                <![CDATA[bruno]]>
              </value>
            </param>
            <param index="6">
              <value>
                <![CDATA[available]]>
              </value>
            </param>
          </params>
          <reporter-output>
          </reporter-output>
        </test-method> <!-- Test_AddPet -->
        <test-method signature="Test_AddPet(java.lang.Double,java.lang.Double,java.lang.String,java.lang.String,java.lang.Double,java.lang.String,java.lang.String)[pri:1, instance:api.testcases.DataDriven_Pet_test@799f10e1]" started-at="2025-09-04T22:40:24 EDT" name="Test_AddPet" data-provider="PetDetailsData" finished-at="2025-09-04T22:40:24 EDT" duration-ms="162" status="PASS">
          <params>
            <param index="0">
              <value>
                <![CDATA[2.0]]>
              </value>
            </param>
            <param index="1">
              <value>
                <![CDATA[9.0]]>
              </value>
            </param>
            <param index="2">
              <value>
                <![CDATA[German Shephard]]>
              </value>
            </param>
            <param index="3">
              <value>
                <![CDATA[Milo]]>
              </value>
            </param>
            <param index="4">
              <value>
                <![CDATA[25.0]]>
              </value>
            </param>
            <param index="5">
              <value>
                <![CDATA[milo]]>
              </value>
            </param>
            <param index="6">
              <value>
                <![CDATA[available]]>
              </value>
            </param>
          </params>
          <reporter-output>
          </reporter-output>
        </test-method> <!-- Test_AddPet -->
        <test-method signature="Test_FindPet()[pri:2, instance:api.testcases.DataDriven_Pet_test@799f10e1]" started-at="2025-09-04T22:40:24 EDT" name="Test_FindPet" finished-at="2025-09-04T22:40:24 EDT" duration-ms="172" status="PASS">
          <reporter-output>
          </reporter-output>
        </test-method> <!-- Test_FindPet -->
        <test-method signature="Test_DeletePet()[pri:3, instance:api.testcases.DataDriven_Pet_test@799f10e1]" started-at="2025-09-04T22:40:24 EDT" name="Test_DeletePet" finished-at="2025-09-04T22:40:24 EDT" duration-ms="126" status="PASS">
          <reporter-output>
          </reporter-output>
        </test-method> <!-- Test_DeletePet -->
      </class> <!-- api.testcases.DataDriven_Pet_test -->
    </test> <!-- Default test -->
  </suite> <!-- Default suite -->
</testng-results>
